c:\users\matri\desktop\grafika\opengl-billiards\bilijar\bilijar\x64\debug\vc143.pdb
c:\users\matri\desktop\grafika\opengl-billiards\bilijar\bilijar\x64\debug\vc143.idb
c:\users\matri\desktop\grafika\opengl-billiards\bilijar\bilijar\x64\debug\tableedge.obj
c:\users\matri\desktop\grafika\opengl-billiards\bilijar\bilijar\x64\debug\rectangle.obj
c:\users\matri\desktop\grafika\opengl-billiards\bilijar\bilijar\x64\debug\pothole.obj
c:\users\matri\desktop\grafika\opengl-billiards\bilijar\bilijar\x64\debug\main.obj
c:\users\matri\desktop\grafika\opengl-billiards\bilijar\bilijar\x64\debug\image.obj
c:\users\matri\desktop\grafika\opengl-billiards\bilijar\bilijar\x64\debug\cue.obj
c:\users\matri\desktop\grafika\opengl-billiards\bilijar\bilijar\x64\debug\constants.obj
c:\users\matri\desktop\grafika\opengl-billiards\bilijar\bilijar\x64\debug\billiardtable.obj
c:\users\matri\desktop\grafika\opengl-billiards\bilijar\bilijar\x64\debug\billiardball.obj
c:\users\matri\desktop\grafika\opengl-billiards\bilijar\x64\debug\bilijar.exe
c:\users\matri\desktop\grafika\opengl-billiards\bilijar\x64\debug\bilijar.pdb
c:\users\matri\desktop\grafika\opengl-billiards\bilijar\bilijar\x64\debug\bilijar.ilk
c:\users\matri\desktop\grafika\opengl-billiards\bilijar\bilijar\x64\debug\bilijar.tlog\cl.command.1.tlog
c:\users\matri\desktop\grafika\opengl-billiards\bilijar\bilijar\x64\debug\bilijar.tlog\cl.items.tlog
c:\users\matri\desktop\grafika\opengl-billiards\bilijar\bilijar\x64\debug\bilijar.tlog\cl.read.1.tlog
c:\users\matri\desktop\grafika\opengl-billiards\bilijar\bilijar\x64\debug\bilijar.tlog\cl.write.1.tlog
c:\users\matri\desktop\grafika\opengl-billiards\bilijar\bilijar\x64\debug\bilijar.tlog\link.command.1.tlog
c:\users\matri\desktop\grafika\opengl-billiards\bilijar\bilijar\x64\debug\bilijar.tlog\link.read.1.tlog
c:\users\matri\desktop\grafika\opengl-billiards\bilijar\bilijar\x64\debug\bilijar.tlog\link.secondary.1.tlog
c:\users\matri\desktop\grafika\opengl-billiards\bilijar\bilijar\x64\debug\bilijar.tlog\link.write.1.tlog
